\BOOKMARK [1][-]{section.1}{\376\377\000S\000e\000q\000u\000e\000n\000c\000e\000s}{}% 1
\BOOKMARK [2][-]{subsection.1.1}{\376\377\000S\000e\000q\000u\000e\000n\000c\000e}{section.1}% 2
\BOOKMARK [2][-]{subsection.1.2}{\376\377\000C\000o\000n\000v\000e\000r\000g\000e\000\040\000a\000n\000d\000\040\000D\000i\000v\000e\000r\000g\000e\000n\000c\000e}{section.1}% 3
\BOOKMARK [2][-]{subsection.1.3}{\376\377\000F\000u\000n\000c\000t\000i\000o\000n\000\040\000r\000a\000i\000s\000e\000d\000\040\000t\000o\000\040\000a\000\040\000f\000u\000n\000c\000t\000i\000o\000n\000-\000\040\000i\000n\000c\000o\000m\000p\000l\000e\000t\000e}{section.1}% 4
\BOOKMARK [2][-]{subsection.1.4}{\376\377\000G\000e\000o\000m\000e\000t\000r\000i\000c\000\040\000s\000e\000q\000u\000e\000n\000c\000e\000\040\000a\000n\000d\000\040\000s\000e\000r\000i\000e\000s\000\040}{section.1}% 5
\BOOKMARK [2][-]{subsection.1.5}{\376\377\000t\000r\000i\000g\000o\000n\000o\000m\000e\000t\000r\000i\000c\000\040\000f\000u\000n\000c\000t\000i\000o\000n\000s\000,\000\040\000d\000i\000v\000e\000r\000g\000e\000n\000c\000e\000\040\000b\000y\000\040\000o\000s\000c\000i\000l\000l\000a\000t\000i\000o\000n}{section.1}% 6
\BOOKMARK [2][-]{subsection.1.6}{\376\377\000S\000q\000u\000e\000e\000z\000e\000\040\000T\000h\000e\000o\000r\000e\000m}{section.1}% 7
\BOOKMARK [2][-]{subsection.1.7}{\376\377\000B\000o\000u\000n\000d\000e\000d\000,\000\040\000M\000o\000n\000o\000t\000o\000n\000i\000c}{section.1}% 8
\BOOKMARK [1][-]{section.2}{\376\377\000S\000e\000r\000i\000e\000s}{}% 9
\BOOKMARK [2][-]{subsection.2.1}{\376\377\000s\000e\000r\000i\000e\000s}{section.2}% 10
\BOOKMARK [2][-]{subsection.2.2}{\376\377\000S\000u\000m\000\040\000d\000o\000e\000s\000\040\000n\000o\000t\000\040\000s\000t\000a\000r\000t\000\040\000a\000t\000\040\000n\000=\0000}{section.2}% 11
\BOOKMARK [2][-]{subsection.2.3}{\376\377\000T\000e\000l\000e\000s\000c\000o\000p\000i\000n\000g\000\040\000S\000e\000r\000i\000e\000s}{section.2}% 12
\BOOKMARK [2][-]{subsection.2.4}{\376\377\000D\000i\000v\000e\000r\000g\000e\000\040\000a\000n\000d\000\040\000I\000n\000t\000e\000g\000r\000a\000l\000\040\000T\000e\000s\000t}{section.2}% 13
\BOOKMARK [2][-]{subsection.2.5}{\376\377\000C\000o\000n\000v\000e\000r\000g\000e\000n\000c\000e\000\040\000o\000f\000\040\000t\000h\000e\000\040\000p\000-\000s\000e\000r\000i\000e\000s}{section.2}% 14
\BOOKMARK [2][-]{subsection.2.6}{\376\377\000C\000o\000m\000p\000a\000r\000i\000s\000o\000n\000\040\000T\000e\000s\000t\000s}{section.2}% 15
\BOOKMARK [2][-]{subsection.2.7}{\376\377\000L\000i\000m\000i\000t\000\040\000C\000o\000m\000p\000a\000r\000i\000s\000o\000n}{section.2}% 16
\BOOKMARK [2][-]{subsection.2.8}{\376\377\000A\000l\000t\000e\000r\000n\000a\000t\000i\000n\000g\000\040\000S\000e\000r\000i\000e\000s\000\040\000a\000n\000d\000\040\000A\000b\000s\000o\000l\000u\000t\000e\000\040\000C\000o\000n\000v\000e\000r\000g\000e\000n\000c\000e}{section.2}% 17
\BOOKMARK [2][-]{subsection.2.9}{\376\377\000C\000o\000n\000d\000i\000t\000i\000o\000n\000a\000l\000\040\000C\000o\000n\000v\000e\000r\000g\000e\000n\000c\000e}{section.2}% 18
\BOOKMARK [2][-]{subsection.2.10}{\376\377\000R\000a\000t\000i\000o\000\040\000a\000n\000d\000\040\000R\000o\000o\000t\000\040\000T\000e\000s\000t\000s}{section.2}% 19
\BOOKMARK [2][-]{subsection.2.11}{\376\377\000C\000o\000n\000v\000e\000r\000g\000e\000n\000c\000e\000\040\000a\000n\000d\000\040\000F\000u\000n\000c\000t\000i\000o\000n\000\040\000A\000p\000p\000r\000o\000x\000i\000m\000a\000t\000i\000o\000n\000.\000\040\000P\000o\000w\000e\000r\000\040\000S\000e\000r\000i\000e\000s}{section.2}% 20
\BOOKMARK [2][-]{subsection.2.12}{\376\377\000T\000a\000y\000l\000o\000r\000\040\000S\000e\000r\000i\000e\000s}{section.2}% 21
\BOOKMARK [1][-]{section.3}{\376\377\000P\000o\000l\000a\000r\000,\000\040\000C\000y\000l\000i\000n\000d\000r\000i\000c\000a\000l\000\040\000a\000n\000d\000\040\000S\000p\000h\000e\000r\000i\000c\000a\000l\000\040\000C\000o\000o\000r\000d\000i\000n\000a\000t\000e\000s}{}% 22
\BOOKMARK [2][-]{subsection.3.1}{\376\377\000G\000e\000n\000e\000r\000a\000l\000\040\000P\000o\000l\000a\000r\000\040\000E\000q\000u\000a\000t\000i\000o\000n\000\040\000F\000o\000r\000m\000s}{section.3}% 23
\BOOKMARK [2][-]{subsection.3.2}{\376\377\000C\000y\000l\000i\000n\000d\000r\000i\000c\000a\000l\000\040\000a\000n\000d\000\040\000S\000p\000h\000e\000r\000i\000c\000a\000l\000\040\000C\000o\000o\000r\000d\000i\000n\000a\000t\000e\000\040\000S\000y\000s\000t\000e\000m\000s}{section.3}% 24
\BOOKMARK [2][-]{subsection.3.3}{\376\377\000B\000e\000t\000w\000e\000e\000n\000\040\000s\000p\000h\000e\000r\000i\000c\000a\000l\000,\000\040\000c\000y\000l\000i\000n\000d\000r\000i\000c\000a\000l\000,\000\040\000a\000n\000d\000\040\000r\000e\000c\000t\000a\000n\000g\000u\000l\000a\000r\000\040\000c\000o\000o\000r\000d\000i\000n\000a\000t\000e\000s}{section.3}% 25
\BOOKMARK [1][-]{section.4}{\376\377\000V\000e\000c\000t\000o\000r\000s}{}% 26
\BOOKMARK [2][-]{subsection.4.1}{\376\377\000P\000a\000r\000a\000m\000e\000t\000r\000i\000z\000a\000t\000i\000o\000n\000\040\000P\000a\000r\000a\000m\000e\000t\000r\000i\000c}{section.4}% 27
\BOOKMARK [2][-]{subsection.4.2}{\376\377\000D\000i\000f\000f\000e\000r\000e\000n\000t\000i\000a\000t\000i\000n\000g\000\040\000a\000n\000d\000\040\000o\000p\000e\000r\000a\000t\000i\000n\000g\000\040\000o\000n\000\040\000V\000e\000c\000t\000o\000r\000\040\000V\000a\000l\000u\000e\000d\000\040\000F\000u\000n\000c\000t\000i\000o\000n\000s}{section.4}% 28
\BOOKMARK [2][-]{subsection.4.3}{\376\377\000L\000e\000n\000g\000t\000h\000\040\000o\000f\000\040\000a\000\040\000V\000e\000c\000t\000o\000r\000\040\000V\000a\000l\000u\000e\000d\000\040\000F\000u\000n\000c\000t\000i\000o\000n}{section.4}% 29
\BOOKMARK [2][-]{subsection.4.4}{\376\377\000U\000n\000i\000t\000\040\000T\000a\000n\000g\000e\000n\000t\000\040\000V\000e\000c\000t\000o\000r}{section.4}% 30
\BOOKMARK [2][-]{subsection.4.5}{\376\377\000C\000u\000r\000v\000a\000t\000u\000r\000e}{section.4}% 31
\BOOKMARK [2][-]{subsection.4.6}{\376\377\000P\000r\000i\000n\000c\000i\000p\000a\000l\000\040\000U\000n\000i\000t\000\040\000N\000o\000r\000m\000a\000l\000\040\000V\000e\000c\000t\000o\000r\000\040\000a\000n\000d\000\040\000B\000i\000n\000o\000r\000m\000a\000l\000\040\000V\000e\000c\000t\000o\000r}{section.4}% 32
\BOOKMARK [2][-]{subsection.4.7}{\376\377\000A\000c\000c\000e\000l\000e\000r\000a\000t\000i\000o\000n}{section.4}% 33
\BOOKMARK [1][-]{section.5}{\376\377\000I\000n\000t\000e\000g\000r\000a\000l\000s}{}% 34
\BOOKMARK [2][-]{subsection.5.1}{\376\377\000N\000o\000n\000-\000r\000e\000c\000t\000a\000n\000g\000u\000l\000a\000r}{section.5}% 35
\BOOKMARK [2][-]{subsection.5.2}{\376\377\0002\000\040\000f\000u\000n\000c\000t\000i\000o\000n\000s}{section.5}% 36
\BOOKMARK [2][-]{subsection.5.3}{\376\377\000I\000n\000t\000e\000g\000r\000a\000t\000i\000o\000n\000\040\000w\000i\000t\000h\000\040\000P\000o\000l\000a\000r\000\040\000C\000o\000o\000r\000d\000i\000n\000a\000t\000e\000s}{section.5}% 37
\BOOKMARK [2][-]{subsection.5.4}{\376\377\000T\000r\000i\000p\000l\000e\000\040\000i\000n\000t\000e\000g\000r\000a\000l\000s}{section.5}% 38
\BOOKMARK [2][-]{subsection.5.5}{\376\377\000T\000r\000i\000p\000l\000e\000\040\000I\000n\000t\000e\000g\000r\000a\000l\000s\000\040\000i\000n\000\040\000C\000y\000l\000i\000n\000d\000r\000i\000c\000a\000l\000\040\000a\000n\000d\000\040\000S\000p\000h\000e\000r\000i\000c\000a\000l\000\040\000C\000o\000o\000r\000d\000i\000n\000a\000t\000e\000s}{section.5}% 39
\BOOKMARK [1][-]{section.6}{\376\377\000V\000e\000c\000t\000o\000r\000\040\000F\000i\000e\000l\000d\000s}{}% 40
\BOOKMARK [2][-]{subsection.6.1}{\376\377\000N\000o\000r\000m\000a\000l\000i\000z\000i\000n\000g\000\040\000a\000\040\000V\000e\000c\000t\000o\000r\000\040\000f\000i\000e\000l\000d}{section.6}% 41
\BOOKMARK [2][-]{subsection.6.2}{\376\377\000G\000r\000a\000d\000i\000e\000n\000t}{section.6}% 42
\BOOKMARK [2][-]{subsection.6.3}{\376\377\000V\000e\000c\000t\000o\000r\000\040\000L\000i\000n\000e\000\040\000I\000n\000t\000e\000g\000r\000a\000l}{section.6}% 43
\BOOKMARK [2][-]{subsection.6.4}{\376\377\000F\000l\000u\000x}{section.6}% 44
\BOOKMARK [2][-]{subsection.6.5}{\376\377\000C\000i\000r\000c\000u\000l\000a\000t\000i\000o\000n}{section.6}% 45
\BOOKMARK [2][-]{subsection.6.6}{\376\377\000F\000u\000n\000d\000a\000m\000e\000n\000t\000a\000l\000\040\000T\000h\000e\000o\000r\000e\000m\000\040\000f\000o\000r\000\040\000L\000i\000n\000e\000\040\000I\000n\000t\000e\000g\000r\000a\000l\000s}{section.6}% 46
\BOOKMARK [2][-]{subsection.6.7}{\376\377\000G\000r\000e\000e\000n\000'\000s\000\040\000T\000h\000e\000o\000r\000e\000m}{section.6}% 47
\BOOKMARK [2][-]{subsection.6.8}{\376\377\000P\000a\000r\000a\000m\000e\000t\000r\000i\000z\000e\000\040\000a\000n\000\040\000E\000l\000l\000i\000p\000s\000e}{section.6}% 48
\BOOKMARK [2][-]{subsection.6.9}{\376\377\000F\000l\000u\000x\000\040\000F\000o\000r\000m\000\040\000o\000f\000\040\000G\000r\000e\000e\000n\000'\000s\000\040\000T\000h\000e\000o\000r\000e\000m}{section.6}% 49
\BOOKMARK [2][-]{subsection.6.10}{\376\377\000H\000a\000r\000m\000o\000n\000i\000c\000\040\000f\000u\000n\000c\000t\000i\000o\000n\000s}{section.6}% 50
\BOOKMARK [2][-]{subsection.6.11}{\376\377\000N\000o\000n\000\040\000s\000i\000m\000p\000l\000y\000\040\000c\000o\000n\000n\000e\000c\000t\000e\000d\000\040\000r\000e\000g\000i\000o\000n\000s}{section.6}% 51
\BOOKMARK [2][-]{subsection.6.12}{\376\377\000D\000i\000v\000e\000r\000g\000e\000n\000c\000e}{section.6}% 52
\BOOKMARK [2][-]{subsection.6.13}{\376\377\000G\000r\000a\000d\000i\000e\000n\000t\000\040\000O\000p\000e\000r\000a\000t\000o\000r}{section.6}% 53
\BOOKMARK [2][-]{subsection.6.14}{\376\377\000C\000u\000r\000l}{section.6}% 54
