\BOOKMARK [1][-]{section.1}{\376\377\000I\000n\000t\000r\000o\000d\000u\000c\000t\000i\000o\000n\000s}{}% 1
\BOOKMARK [2][-]{subsection.1.1}{\376\377\000P\000o\000s\000i\000t\000i\000o\000n\000\040\000V\000e\000c\000t\000o\000r}{section.1}% 2
\BOOKMARK [2][-]{subsection.1.2}{\376\377\000E\000l\000e\000c\000t\000r\000o\000s\000t\000a\000t\000i\000c\000s}{section.1}% 3
\BOOKMARK [1][-]{section.2}{\376\377\000G\000a\000u\000s\000s\000'\000\040\000L\000a\000w}{}% 4
\BOOKMARK [2][-]{subsection.2.1}{\376\377\000S\000u\000r\000f\000a\000c\000e\000\040\000I\000n\000t\000e\000g\000r\000a\000l\000s}{section.2}% 5
\BOOKMARK [1][-]{section.3}{\376\377\000P\000o\000l\000a\000r\000\040\000C\000y\000l\000i\000n\000d\000r\000i\000c\000a\000l\000\040\000a\000n\000d\000\040\000S\000p\000h\000e\000r\000i\000c\000a\000l\000\040\000C\000o\000o\000r\000d\000i\000n\000a\000t\000e\000s}{}% 6
\BOOKMARK [2][-]{subsection.3.1}{\376\377\000C\000a\000r\000t\000e\000s\000i\000a\000n\000\040\000t\000o\000\040\000c\000y\000l\000i\000n\000d\000r\000i\000c\000a\000l}{section.3}% 7
\BOOKMARK [2][-]{subsection.3.2}{\376\377\000C\000a\000r\000t\000e\000s\000i\000a\000n\000\040\000t\000o\000\040\000S\000p\000h\000e\000r\000i\000c\000a\000l}{section.3}% 8
\BOOKMARK [2][-]{subsection.3.3}{\376\377\000D\000e\000r\000i\000v\000a\000t\000i\000v\000e\000\040\000c\000h\000a\000n\000g\000e\000s}{section.3}% 9
\BOOKMARK [1][-]{section.4}{\376\377\000D\000i\000v\000e\000r\000g\000e\000n\000c\000e}{}% 10
\BOOKMARK [2][-]{subsection.4.1}{\376\377\000D\000e\000r\000i\000v\000e\000d\000\040\000F\000o\000r\000m\000s\000:\000\040}{section.4}% 11
\BOOKMARK [2][-]{subsection.4.2}{\376\377\000D\000e\000l\000\040\000o\000p\000e\000r\000a\000t\000o\000r}{section.4}% 12
\BOOKMARK [2][-]{subsection.4.3}{\376\377\000A\000p\000p\000l\000i\000c\000a\000t\000i\000o\000n\000\040\000t\000o\000\040\000G\000a\000u\000s\000s\000'\000\040\000L\000a\000w}{section.4}% 13
\BOOKMARK [2][-]{subsection.4.4}{\376\377\000W\000o\000r\000k}{section.4}% 14
\BOOKMARK [1][-]{section.5}{\376\377\000L\000i\000n\000e\000\040\000I\000n\000t\000e\000g\000r\000a\000l\000s}{}% 15
\BOOKMARK [2][-]{subsection.5.1}{\376\377\000P\000a\000r\000a\000m\000e\000t\000r\000i\000z\000i\000n\000g\000\040\000\050\000D\000i\000r\000e\000c\000t\000e\000d\000\051\000\040\000C\000u\000r\000v\000e\000s}{section.5}% 16
\BOOKMARK [2][-]{subsection.5.2}{\376\377\000S\000c\000a\000l\000a\000r\000\040\000L\000i\000n\000e\000\040\000I\000n\000t\000e\000g\000r\000a\000l\000s}{section.5}% 17
\BOOKMARK [2][-]{subsection.5.3}{\376\377\000V\000e\000c\000t\000o\000r\000\040\000L\000i\000n\000e\000\040\000I\000n\000t\000e\000g\000r\000a\000l\000s}{section.5}% 18
\BOOKMARK [1][-]{section.6}{\376\377\000c\000u\000r\000l}{}% 19
\BOOKMARK [2][-]{subsection.6.1}{\376\377\000U\000s\000e\000f\000u\000l\000\040\000F\000o\000r\000m}{section.6}% 20
\BOOKMARK [3][-]{subsubsection.6.1.1}{\376\377\000P\000h\000y\000s\000i\000c\000a\000l\000\040\000i\000n\000t\000e\000r\000p\000r\000e\000t\000a\000t\000i\000o\000n\000\040\000o\000f\000\040\000c\000u\000r\000l}{subsection.6.1}% 21
\BOOKMARK [3][-]{subsubsection.6.1.2}{\376\377\000p\000a\000t\000h\000\040\000i\000n\000d\000e\000p\000e\000n\000d\000e\000n\000c\000e}{subsection.6.1}% 22
\BOOKMARK [2][-]{subsection.6.2}{\376\377\000C\000u\000r\000l\000\040\000i\000n\000\040\000s\000p\000h\000e\000r\000i\000c\000a\000l\000\040\000a\000n\000d\000\040\000c\000y\000l\000i\000n\000d\000r\000i\000c\000a\000l}{section.6}% 23
\BOOKMARK [3][-]{subsubsection.6.2.1}{\376\377\000C\000y\000l\000i\000n\000d\000r\000i\000c\000a\000l\000\040\000c\000u\000r\000l}{subsection.6.2}% 24
\BOOKMARK [3][-]{subsubsection.6.2.2}{\376\377\000S\000p\000h\000e\000r\000i\000c\000a\000l\000\040\000C\000u\000r\000l}{subsection.6.2}% 25
\BOOKMARK [2][-]{subsection.6.3}{\376\377\000S\000t\000o\000k\000e\000'\000s\000\040\000T\000h\000e\000o\000r\000e\000m}{section.6}% 26
\BOOKMARK [1][-]{section.7}{\376\377\000G\000r\000a\000d\000i\000e\000n\000t\000\040\000a\000n\000d\000\040\000L\000a\000p\000l\000a\000c\000i\000a\000n}{}% 27
\BOOKMARK [2][-]{subsection.7.1}{\376\377\000G\000r\000a\000d\000i\000e\000n\000t}{section.7}% 28
\BOOKMARK [3][-]{subsubsection.7.1.1}{\376\377\000G\000r\000a\000d\000i\000e\000n\000t\000\040\000a\000n\000d\000\040\000P\000a\000t\000h\000\040\000I\000n\000d\000e\000p\000e\000n\000d\000e\000n\000c\000e}{subsection.7.1}% 29
\BOOKMARK [2][-]{subsection.7.2}{\376\377\000L\000a\000p\000l\000a\000c\000i\000a\000n}{section.7}% 30
\BOOKMARK [3][-]{subsubsection.7.2.1}{\376\377\000V\000e\000c\000t\000o\000r\000\040\000L\000a\000p\000l\000a\000c\000i\000a\000n}{subsection.7.2}% 31
\BOOKMARK [2][-]{subsection.7.3}{\376\377\000E\000l\000e\000c\000t\000r\000o\000s\000t\000a\000t\000i\000c\000s}{section.7}% 32
\BOOKMARK [3][-]{subsubsection.7.3.1}{\376\377\000G\000a\000u\000s\000s\000'\000s\000\040\000L\000a\000w}{subsection.7.3}% 33
\BOOKMARK [2][-]{subsection.7.4}{\376\377\000F\000i\000n\000d\000i\000n\000g\000\040\000p\000a\000r\000e\000n\000t\000\040\000f\000u\000n\000c\000t\000i\000o\000n\000s}{section.7}% 34
\BOOKMARK [3][-]{subsubsection.7.4.1}{\376\377\000m\000e\000t\000h\000o\000d\000\040\0001\000:\000\040\000d\000i\000r\000e\000c\000t\000\040\000i\000n\000t\000e\000g\000r\000a\000t\000i\000o\000n}{subsection.7.4}% 35
\BOOKMARK [3][-]{subsubsection.7.4.2}{\376\377\000M\000e\000t\000h\000o\000d\000\040\0002\000:\000\040\000C\000o\000m\000p\000o\000n\000e\000n\000t\000-\000w\000i\000s\000e\000\040\000i\000n\000t\000e\000g\000r\000a\000t\000i\000o\000n}{subsection.7.4}% 36
\BOOKMARK [1][-]{section.8}{\376\377\000T\000a\000y\000l\000o\000r\000\040\000S\000e\000r\000i\000e\000s}{}% 37
\BOOKMARK [2][-]{subsection.8.1}{\376\377\000M\000e\000a\000n\000i\000n\000g\000\040\000o\000f\000\040\000G\000r\000a\000d\000i\000e\000n\000t}{section.8}% 38
\BOOKMARK [1][-]{section.9}{\376\377\000M\000a\000x\000w\000e\000l\000l\000'\000s\000\040\000E\000q\000u\000a\000t\000i\000o\000n\000s}{}% 39
\BOOKMARK [1][-]{section.10}{\376\377\000F\000o\000u\000r\000i\000e\000r\000\040\000S\000e\000r\000i\000e\000s}{}% 40
\BOOKMARK [2][-]{subsection.10.1}{\376\377\000T\000h\000e\000\040\000F\000o\000u\000r\000i\000e\000r\000\040\000S\000e\000r\000i\000e\000s}{section.10}% 41
\BOOKMARK [2][-]{subsection.10.2}{\376\377\000F\000o\000u\000r\000i\000e\000r\000\040\000S\000e\000r\000i\000e\000s\000\040\000C\000o\000e\000f\000f\000i\000c\000i\000e\000n\000t\000s}{section.10}% 42
\BOOKMARK [2][-]{subsection.10.3}{\376\377\000A\000\040\000n\000o\000t\000e\000\040\000o\000n\000\040\000e\000v\000e\000n\000\040\000a\000n\000d\000\040\000o\000d\000d\000\040\000f\000u\000n\000c\000t\000i\000o\000n\000s}{section.10}% 43
\BOOKMARK [3][-]{subsubsection.10.3.1}{\376\377\000E\000v\000e\000n\000\040\000F\000u\000n\000c\000t\000i\000o\000n\000s}{subsection.10.3}% 44
\BOOKMARK [3][-]{subsubsection.10.3.2}{\376\377\000O\000d\000d\000\040\000F\000u\000n\000c\000t\000i\000o\000n}{subsection.10.3}% 45
\BOOKMARK [3][-]{subsubsection.10.3.3}{\376\377\000E\000v\000e\000n\000\040\000O\000d\000d\000\040\000f\000u\000n\000c\000t\000i\000o\000n\000\040\000p\000r\000o\000d\000u\000c\000t\000s}{subsection.10.3}% 46
\BOOKMARK [1][-]{section.11}{\376\377\000F\000o\000u\000r\000i\000e\000r\000\040\000T\000r\000a\000n\000s\000f\000o\000r\000m\000s}{}% 47
\BOOKMARK [2][-]{subsection.11.1}{\376\377\000P\000e\000r\000i\000o\000d\000i\000c\000\040\000a\000n\000d\000\040\000n\000o\000n\000-\000p\000e\000r\000i\000o\000d\000i\000c\000\040\000f\000u\000n\000c\000t\000i\000o\000n\000s}{section.11}% 48
\BOOKMARK [2][-]{subsection.11.2}{\376\377\000F\000o\000u\000r\000i\000e\000r\000\040\000I\000n\000t\000e\000g\000r\000a\000l\000\040\000a\000n\000d\000\040\000F\000o\000u\000r\000i\000e\000r\000\040\000T\000r\000a\000n\000s\000f\000o\000r\000m}{section.11}% 49
\BOOKMARK [3][-]{subsubsection.11.2.1}{\376\377\000F\000o\000u\000r\000i\000e\000r\000\040\000I\000n\000t\000e\000g\000r\000a\000l}{subsection.11.2}% 50
\BOOKMARK [3][-]{subsubsection.11.2.2}{\376\377\000F\000o\000u\000r\000i\000e\000r\000\040\000T\000r\000a\000n\000s\000f\000o\000r\000m}{subsection.11.2}% 51
\BOOKMARK [3][-]{subsubsection.11.2.3}{\376\377\000N\000o\000t\000e}{subsection.11.2}% 52
\BOOKMARK [2][-]{subsection.11.3}{\376\377\000I\000m\000p\000o\000r\000t\000a\000n\000t\000\040\000F\000u\000n\000c\000t\000i\000o\000n\000s\000\040\000a\000n\000d\000\040\000t\000h\000e\000i\000r\000\040\000t\000r\000a\000n\000s\000f\000o\000r\000m\000s}{section.11}% 53
\BOOKMARK [3][-]{subsubsection.11.3.1}{\376\377\000N\000o\000r\000m\000a\000l\000\040\000\050\000G\000a\000u\000s\000s\000i\000a\000n\000\051}{subsection.11.3}% 54
\BOOKMARK [1][-]{section.12}{\376\377\000D\000i\000r\000a\000c\000\040\000D\000e\000l\000t\000a\000\040\000F\000u\000n\000c\000t\000i\000o\000n}{}% 55
\BOOKMARK [1][-]{section.13}{\376\377\000C\000o\000n\000v\000o\000l\000u\000t\000i\000o\000n}{}% 56
\BOOKMARK [2][-]{subsection.13.1}{\376\377\000E\000x\000a\000m\000p\000l\000e\000:\000\040\000l\000e\000t\000\040\000b\000o\000t\000h\000\040\000f\000u\000n\000c\000t\000i\000o\000n\000s\000\040\000b\000e\000\040\000r\000e\000c\000t\000a\000n\000g\000u\000l\000a\000r\000\040\000p\000u\000l\000s\000e\000s}{section.13}% 57
\BOOKMARK [2][-]{subsection.13.2}{\376\377\000C\000o\000n\000v\000o\000l\000u\000t\000i\000o\000n\000\040\000T\000h\000e\000o\000r\000e\000m}{section.13}% 58
\BOOKMARK [3][-]{subsubsection.13.2.1}{\376\377\000A\000p\000p\000l\000y\000\040\000t\000o\000\040\000E\000x\000a\000m\000p\000l\000e}{subsection.13.2}% 59
\BOOKMARK [3][-]{subsubsection.13.2.2}{\376\377\000E\000x\000a\000m\000p\000l\000e\000\040\000A\000p\000p\000l\000i\000c\000a\000t\000i\000o\000n\000:\000\040\000S\000p\000e\000c\000t\000r\000o\000m\000e\000t\000e\000r}{subsection.13.2}% 60
