\BOOKMARK [1][-]{section.1}{\376\377\000A\000s\000t\000r\000o\000p\000h\000y\000s\000i\000c\000s\000\040\000R\000e\000v\000i\000e\000w}{}% 1
\BOOKMARK [2][-]{subsection.1.1}{\376\377\000Q\000u\000a\000n\000t\000i\000f\000i\000c\000a\000t\000i\000o\000n\000\040\000o\000f\000\040\000L\000i\000g\000h\000t}{section.1}% 2
\BOOKMARK [2][-]{subsection.1.2}{\376\377\000S\000t\000e\000l\000l\000a\000r\000\040\000E\000v\000o\000l\000u\000t\000i\000o\000n}{section.1}% 3
\BOOKMARK [1][-]{section.2}{\376\377\000T\000h\000e\000\040\000M\000i\000l\000k\000y\000\040\000W\000a\000y\000\040\000G\000a\000l\000a\000x\000y}{}% 4
\BOOKMARK [2][-]{subsection.2.1}{\376\377\000T\000u\000l\000l\000y\000-\000F\000i\000s\000c\000h\000e\000r\000\040\000a\000n\000d\000\040\000R\0002\0005\000\040\000E\000q\000u\000a\000t\000i\000o\000n\000s}{section.2}% 5
\BOOKMARK [2][-]{subsection.2.2}{\376\377\000S\000t\000r\000u\000c\000t\000u\000r\000e\000\040\000o\000f\000\040\000M\000i\000l\000k\000y\000\040\000W\000a\000y}{section.2}% 6
\BOOKMARK [2][-]{subsection.2.3}{\376\377\000C\000e\000n\000t\000e\000r\000\040\000o\000f\000\040\000M\000i\000l\000k\000y\000\040\000W\000a\000y\000\040\000S\000a\000g\000i\000t\000t\000a\000r\000i\000u\000s\000\040\000A\000*}{section.2}% 7
\BOOKMARK [2][-]{subsection.2.4}{\376\377\000D\000i\000s\000t\000r\000i\000b\000u\000t\000i\000o\000n\000\040\000o\000f\000\040\000D\000a\000r\000k\000\040\000M\000a\000t\000t\000e\000r}{section.2}% 8
\BOOKMARK [1][-]{section.3}{\376\377\000O\000t\000h\000e\000r\000\040\000G\000a\000l\000a\000x\000i\000e\000s}{}% 9
\BOOKMARK [2][-]{subsection.3.1}{\376\377\000R\000o\000t\000a\000t\000i\000o\000n\000\040\000R\000a\000t\000e}{section.3}% 10
\BOOKMARK [2][-]{subsection.3.2}{\376\377\000G\000a\000l\000a\000x\000y\000\040\000I\000n\000t\000e\000r\000a\000c\000t\000i\000o\000n\000s}{section.3}% 11
\BOOKMARK [2][-]{subsection.3.3}{\376\377\000M\000e\000a\000s\000u\000r\000i\000n\000g\000\040\000e\000x\000t\000r\000a\000g\000a\000l\000a\000c\000t\000i\000c\000\040\000d\000i\000s\000t\000a\000n\000c\000e\000s}{section.3}% 12
\BOOKMARK [2][-]{subsection.3.4}{\376\377\000E\000x\000p\000a\000n\000s\000i\000o\000n}{section.3}% 13
\BOOKMARK [1][-]{section.4}{\376\377\000R\000e\000l\000a\000t\000i\000v\000i\000t\000y}{}% 14
\BOOKMARK [2][-]{subsection.4.1}{\376\377\000D\000i\000s\000t\000a\000n\000c\000e\000s\000\040\000i\000n\000\040\000S\000p\000a\000c\000e\000t\000i\000m\000e}{section.4}% 15
\BOOKMARK [2][-]{subsection.4.2}{\376\377\000C\000u\000r\000v\000e\000d\000\040\000S\000p\000a\000c\000e\000t\000i\000m\000e}{section.4}% 16
\BOOKMARK [2][-]{subsection.4.3}{\376\377\000G\000r\000a\000v\000i\000t\000a\000t\000i\000o\000n\000a\000l\000\040\000L\000e\000n\000s\000i\000n\000g}{section.4}% 17
\BOOKMARK [1][-]{section.5}{\376\377\000C\000o\000s\000m\000o\000l\000o\000g\000y}{}% 18
\BOOKMARK [2][-]{subsection.5.1}{\376\377\000N\000e\000w\000t\000o\000n\000i\000a\000n\000\040\000C\000o\000s\000m\000o\000l\000o\000g\000y}{section.5}% 19
\BOOKMARK [2][-]{subsection.5.2}{\376\377\000P\000r\000e\000s\000s\000u\000r\000e\000\040\000e\000x\000p\000a\000n\000s\000i\000o\000n\000\040\000m\000o\000d\000e\000l\000,\000\040\0002\000\040\000c\000o\000m\000p\000o\000n\000e\000n\000t\000\040\000u\000n\000i\000v\000e\000r\000s\000e}{section.5}% 20
\BOOKMARK [2][-]{subsection.5.3}{\376\377\000R\000e\000l\000a\000t\000i\000v\000i\000s\000t\000i\000c\000\040\000C\000o\000s\000m\000o\000l\000o\000g\000y}{section.5}% 21
\BOOKMARK [1][-]{section.6}{\376\377\000U\000s\000e\000f\000u\000l\000\040\000N\000o\000t\000e\000s}{}% 22
